0 silly argv { _: [ 'publish' ],
0 silly argv   canary: true,
0 silly argv   c: true,
0 silly argv   composed: 'publish',
0 silly argv   lernaVersion: '3.8.0',
0 silly argv   '$0': 'lerna' }
1 notice cli v3.8.0
2 verbose rootPath /Users/charlesyang/space/workspace/team/kangaroo-resource
3 info versioning independent
4 info canary enabled
5 verbose session 35a8e85a8df976f7
6 verbose user-agent lerna/3.8.0/node@v8.11.4+x64 (darwin)
7 info Verifying npm credentials
8 verbose Retrieving npm user profile
9 http fetch GET 200 http://registry.npmjs.org/-/npm/v1/user 660ms
10 silly npm profile get received {"tfa":false,"name":"charlesyang","email":"yhxyangyi@163.com","email_verified":true,"created":"2018-01-08T07:01:19.594Z","updated":"2018-01-08T07:01:19.590Z","cidr_whitelist":null}
11 silly npm whoami received {"username":"charlesyang"}
12 verbose git-describe undefined => "d50bbd8"
13 silly git-describe parsed => {"refCount":"19","sha":"d50bbd8","isDirty":false}
14 silly hasTags
15 verbose hasTags false
16 info Looking for changed packages since initial commit.
17 verbose updated @kodesign/block-about
18 verbose updated @kodesign/block-markdown
19 verbose updated @kodesign/layout-blank
20 verbose updated @kodesign/pc-react-sample
21 verbose git-describe "@kodesign/pc-react-sample@*" => "d50bbd8"
22 silly git-describe parsed => {"refCount":"19","sha":"d50bbd8","isDirty":false}
23 verbose git-describe "@kodesign/block-about@*" => "d50bbd8"
24 silly git-describe parsed => {"refCount":"19","sha":"d50bbd8","isDirty":false}
25 verbose git-describe "@kodesign/block-markdown@*" => "d50bbd8"
26 silly git-describe parsed => {"refCount":"19","sha":"d50bbd8","isDirty":false}
27 verbose git-describe "@kodesign/layout-blank@*" => "d50bbd8"
28 silly git-describe parsed => {"refCount":"19","sha":"d50bbd8","isDirty":false}
29 silly batched [ PackageGraphNode {
29 silly batched     name: '@kodesign/block-about',
29 silly batched     externalDependencies: Map {},
29 silly batched     localDependencies: Map {},
29 silly batched     localDependents: Map {} },
29 silly batched   PackageGraphNode {
29 silly batched     name: '@kodesign/block-markdown',
29 silly batched     externalDependencies:
29 silly batched      Map {
29 silly batched        'prop-types' => [Object],
29 silly batched        'react' => [Object],
29 silly batched        'react-markdown' => [Object] },
29 silly batched     localDependencies: Map {},
29 silly batched     localDependents: Map {} },
29 silly batched   PackageGraphNode {
29 silly batched     name: '@kodesign/layout-blank',
29 silly batched     externalDependencies:
29 silly batched      Map {
29 silly batched        '@icedesign/layout' => [Object],
29 silly batched        'classnames' => [Object],
29 silly batched        'prop-types' => [Object] },
29 silly batched     localDependencies: Map {},
29 silly batched     localDependents: Map {} },
29 silly batched   PackageGraphNode {
29 silly batched     name: '@kodesign/pc-react-sample',
29 silly batched     externalDependencies:
29 silly batched      Map {
29 silly batched        'bizcharts' => [Object],
29 silly batched        'lodash' => [Object],
29 silly batched        'react' => [Object],
29 silly batched        'react-dom' => [Object],
29 silly batched        'react-router-dom' => [Object] },
29 silly batched     localDependencies: Map {},
29 silly batched     localDependents: Map {} } ]
30 info publish Publishing packages to npm...
31 silly verifyNpmPackageAccess
32 http fetch GET 200 http://registry.npmjs.org/-/org/charlesyang/package?format=cli 252ms
33 warn ENOLICENSE Packages @kodesign/block-about, @kodesign/block-markdown, @kodesign/layout-blank, @kodesign/pc-react-sample are missing a license
34 silly getCurrentSHA
35 verbose getCurrentSHA d50bbd8a66523eeaeef715e8392fedee1436573e
36 silly run-lifecycle No script for "prepare" in "ko-workspace", continuing
37 silly run-lifecycle No script for "prepublishOnly" in "ko-workspace", continuing
38 silly run-lifecycle No script for "prepack" in "ko-workspace", continuing
39 verbose pack-directory react-resource/blocks/about
40 verbose pack-directory react-resource/blocks/markdown
41 verbose pack-directory react-resource/layouts/demoLayout
42 verbose pack-directory react-resource/scaffolds/ko-react-sample
43 silly run-lifecycle No script for "prepublish" in "@kodesign/block-about", continuing
44 silly run-lifecycle No script for "prepublish" in "@kodesign/block-markdown", continuing
45 silly run-lifecycle prepublish @kodesign/layout-blank
46 info lifecycle @kodesign/layout-blank@1.2.4-alpha.18+d50bbd8~prepublish: @kodesign/layout-blank@1.2.4-alpha.18+d50bbd8
47 silly run-lifecycle No script for "prepublish" in "@kodesign/pc-react-sample", continuing
48 silly run-lifecycle No script for "prepare" in "@kodesign/block-about", continuing
49 silly run-lifecycle No script for "prepare" in "@kodesign/block-markdown", continuing
50 silly run-lifecycle No script for "prepare" in "@kodesign/pc-react-sample", continuing
51 verbose lifecycle @kodesign/layout-blank@1.2.4-alpha.18+d50bbd8~prepublish: unsafe-perm in lifecycle true
52 verbose lifecycle @kodesign/layout-blank@1.2.4-alpha.18+d50bbd8~prepublish: PATH: /Users/charlesyang/space/workspace/team/kangaroo-resource/node_modules/npm-lifecycle/node-gyp-bin:/Users/charlesyang/space/workspace/team/kangaroo-resource/react-resource/layouts/demoLayout/node_modules/.bin:/Users/charlesyang/.rvm/gems/ruby-2.2.4/bin:/Users/charlesyang/.rvm/gems/ruby-2.2.4@global/bin:/Users/charlesyang/.rvm/rubies/ruby-2.2.4/bin:./Users/charlesyang/.yarn/bin:/Users/charlesyang/.config/yarn/global/node_modules/.bin:/Users/charlesyang/.node/bin:/usr/local/bin:/usr/bin:/bin:/usr/sbin:/sbin:/usr/local/mysql/bin:/usr/local/go/bin:/Users/charlesyang/.rvm/gems/ruby-2.2.4/bin:/Users/charlesyang/.rvm/gems/ruby-2.2.4@global/bin:/Users/charlesyang/.rvm/rubies/ruby-2.2.4/bin:./Users/charlesyang/.yarn/bin:/Users/charlesyang/.config/yarn/global/node_modules/.bin:/Users/charlesyang/.node/bin:/Users/charlesyang/.rvm/bin:/Library/Java/JavaVirtualMachines/jdk1.8.0_151.jdk/Contents/Home/bin:/Users/charlesyang/.rvm/bin:/Library/Java/JavaVirtualMachines/jdk1.8.0_151.jdk/Contents/Home/bin
53 verbose lifecycle @kodesign/layout-blank@1.2.4-alpha.18+d50bbd8~prepublish: CWD: /Users/charlesyang/space/workspace/team/kangaroo-resource/react-resource/layouts/demoLayout
54 silly lifecycle @kodesign/layout-blank@1.2.4-alpha.18+d50bbd8~prepublish: Args: [ '-c', 'ice block build' ]
55 silly run-lifecycle No script for "prepublishOnly" in "@kodesign/block-about", continuing
56 silly run-lifecycle No script for "prepublishOnly" in "@kodesign/block-markdown", continuing
57 silly run-lifecycle No script for "prepublishOnly" in "@kodesign/pc-react-sample", continuing
58 silly run-lifecycle No script for "prepack" in "@kodesign/block-about", continuing
59 silly run-lifecycle No script for "prepack" in "@kodesign/block-markdown", continuing
60 silly run-lifecycle No script for "prepack" in "@kodesign/pc-react-sample", continuing
61 silly run-lifecycle No script for "postpack" in "@kodesign/block-markdown", continuing
62 silly run-lifecycle No script for "postpack" in "@kodesign/block-about", continuing
63 silly lifecycle @kodesign/layout-blank@1.2.4-alpha.18+d50bbd8~prepublish: Returned: code: 0  signal: null
64 silly run-lifecycle No script for "prepare" in "@kodesign/layout-blank", continuing
65 silly run-lifecycle No script for "prepublishOnly" in "@kodesign/layout-blank", continuing
66 silly run-lifecycle No script for "prepack" in "@kodesign/layout-blank", continuing
67 silly run-lifecycle No script for "postpack" in "@kodesign/layout-blank", continuing
68 silly run-lifecycle No script for "postpack" in "@kodesign/pc-react-sample", continuing
69 silly run-lifecycle No script for "postpack" in "ko-workspace", continuing
70 verbose publish @kodesign/block-about
71 verbose publish @kodesign/block-markdown
72 verbose publish @kodesign/layout-blank
73 verbose publish @kodesign/pc-react-sample
74 silly run-lifecycle No script for "publish" in "@kodesign/block-about", continuing
75 silly run-lifecycle No script for "postpublish" in "@kodesign/block-about", continuing
76 success published @kodesign/block-about 1.0.3-alpha.18+d50bbd8
77 notice
78 notice 📦  @kodesign/block-about@1.0.3-alpha.18+d50bbd8
79 notice === Tarball Contents ===
80 notice 291B  package.json
80 notice 698B  packagewee.json
80 notice 0     README.md
80 notice 4.4kB src/about.jsx
80 notice 52B   src/index.js
81 notice === Tarball Details ===
82 notice name:          @kodesign/block-about
82 notice version:       1.0.3-alpha.18+d50bbd8
82 notice filename:      kodesign-block-about-1.0.3-alpha.18+d50bbd8.tgz
82 notice package size:  2.1 kB
82 notice unpacked size: 5.4 kB
82 notice shasum:        735ed29842cb23165f3af483ded91c841943ead8
82 notice integrity:     sha512-SIOvMID45eIvZ[...]X3wgp7IlQ+Kvg==
82 notice total files:   5
83 notice
84 http fetch PUT 200 http://registry.npmjs.org/@kodesign%2fblock-about 3321ms
85 silly run-lifecycle No script for "publish" in "@kodesign/layout-blank", continuing
86 silly run-lifecycle No script for "postpublish" in "@kodesign/layout-blank", continuing
87 success published @kodesign/layout-blank 1.2.4-alpha.18+d50bbd8
88 notice
89 notice 📦  @kodesign/layout-blank@1.2.4-alpha.18+d50bbd8
90 notice === Tarball Contents ===
91 notice 1.3kB package.json
91 notice 136B  README.md
91 notice 55B   src/index.js
91 notice 376B  src/Layout.jsx
91 notice 38B   src/Layout.scss
92 notice === Tarball Details ===
93 notice name:          @kodesign/layout-blank
93 notice version:       1.2.4-alpha.18+d50bbd8
93 notice filename:      kodesign-layout-blank-1.2.4-alpha.18+d50bbd8.tgz
93 notice package size:  1.2 kB
93 notice unpacked size: 1.9 kB
93 notice shasum:        537ae3293386f1d27924c14fce916d2fdf60e614
93 notice integrity:     sha512-//BG6TtI1s+Ec[...]LbJakVBhzO/yA==
93 notice total files:   5
94 notice
95 http fetch PUT 200 http://registry.npmjs.org/@kodesign%2flayout-blank 3595ms
96 silly run-lifecycle No script for "publish" in "@kodesign/block-markdown", continuing
97 silly run-lifecycle No script for "postpublish" in "@kodesign/block-markdown", continuing
98 success published @kodesign/block-markdown 1.2.3-alpha.18+d50bbd8
99 notice
100 notice 📦  @kodesign/block-markdown@1.2.3-alpha.18+d50bbd8
101 notice === Tarball Contents ===
102 notice 686B  package.json
102 notice 0     README.md
102 notice 497B  src/index.js
102 notice 4.8kB src/test.md
103 notice === Tarball Details ===
104 notice name:          @kodesign/block-markdown
104 notice version:       1.2.3-alpha.18+d50bbd8
104 notice filename:      kodesign-block-markdown-1.2.3-alpha.18+d50bbd8.tgz
104 notice package size:  2.4 kB
104 notice unpacked size: 6.0 kB
104 notice shasum:        ceaeb84c30917ff1b1f29cf2c2036ee42aa3cea5
104 notice integrity:     sha512-nvYdvX+KC5ZrG[...]psDiE46nEci8A==
104 notice total files:   4
105 notice
106 http fetch PUT 200 http://registry.npmjs.org/@kodesign%2fblock-markdown 6769ms
107 http fetch PUT 402 http://registry.npmjs.org/@kodesign%2fpc-react-sample 10581ms
108 error Error: 402 Payment Required - PUT http://registry.npmjs.org/@kodesign%2fpc-react-sample - You must sign up for private packages
108 error     at res.buffer.catch.then.body (/Users/charlesyang/space/workspace/team/kangaroo-resource/node_modules/npm-registry-fetch/check-response.js:104:15)
108 error     at <anonymous>
